Sending build context to Docker daemon   2.56kB
Step 1/5 : FROM buildpack-deps:jessie
jessie: Pulling from library/buildpack-deps
f27d6ed8cebc: Pulling fs layer
3b2886394fe0: Pulling fs layer
7c79486f9007: Pulling fs layer
2071d428ba7a: Pulling fs layer
2071d428ba7a: Waiting
3b2886394fe0: Verifying Checksum
3b2886394fe0: Download complete
7c79486f9007: Verifying Checksum
7c79486f9007: Download complete
f27d6ed8cebc: Verifying Checksum
f27d6ed8cebc: Download complete
2071d428ba7a: Verifying Checksum
2071d428ba7a: Download complete
f27d6ed8cebc: Pull complete
3b2886394fe0: Pull complete
7c79486f9007: Pull complete
2071d428ba7a: Pull complete
Digest: sha256:19f3d2ec91e567529b898eadfa3dd0818920bb880310e8290a14faa6bf98eff5
Status: Downloaded newer image for buildpack-deps:jessie
 ---> c8e5edd8fdc1
Step 2/5 : COPY . /usr/src/
 ---> 664358569f0f
Step 3/5 : WORKDIR /usr/src/
 ---> Running in 716d7662c71e
Removing intermediate container 716d7662c71e
 ---> 512690aadd69
Step 4/5 : RUN gcc -g -Wall -static userns.c -o /usr/bin/userns-test 	&& gcc -g -Wall -static ns.c -o /usr/bin/ns-test 	&& gcc -g -Wall -static acct.c -o /usr/bin/acct-test 	&& gcc -g -Wall -static setuid.c -o /usr/bin/setuid-test 	&& gcc -g -Wall -static setgid.c -o /usr/bin/setgid-test 	&& gcc -g -Wall -static socket.c -o /usr/bin/socket-test 	&& gcc -g -Wall -static raw.c -o /usr/bin/raw-test 	&& gcc -g -Wall -static appletalk.c -o /usr/bin/appletalk-test
 ---> Running in 7d2b1b63cbb1
[91mgcc: error: userns.c: No such file or directory
[0m[91mgcc: fatal error: no input files
compilation terminated.
[0mThe command '/bin/sh -c gcc -g -Wall -static userns.c -o /usr/bin/userns-test 	&& gcc -g -Wall -static ns.c -o /usr/bin/ns-test 	&& gcc -g -Wall -static acct.c -o /usr/bin/acct-test 	&& gcc -g -Wall -static setuid.c -o /usr/bin/setuid-test 	&& gcc -g -Wall -static setgid.c -o /usr/bin/setgid-test 	&& gcc -g -Wall -static socket.c -o /usr/bin/socket-test 	&& gcc -g -Wall -static raw.c -o /usr/bin/raw-test 	&& gcc -g -Wall -static appletalk.c -o /usr/bin/appletalk-test' returned a non-zero code: 4
